Using pre-set license
Built from '2021.3/staging' branch; Version is '2021.3.8f1 (b30333d56e81) revision 11731763'; Using compiler version '192829333'; Build Type 'Release'
OS: 'Windows 10  (10.0.19043) 64bit Professional' Language: 'ru' Physical Memory: 16257 MB
BatchMode: 1, IsHumanControllingUs: 0, StartBugReporterOnCrash: 0, Is64bit: 1, IsPro: 1

COMMAND LINE ARGUMENTS:
D:\2021.3.8f1\Editor\Unity.exe
-adb2
-batchMode
-noUpm
-name
AssetImportWorker0
-projectPath
D:/Unity/DOP2/DOP
-logFile
Logs/AssetImportWorker0.log
-srvPort
60487
Successfully changed project path to: D:/Unity/DOP2/DOP
D:/Unity/DOP2/DOP
[UnityMemory] Configuration Parameters - Can be set up in boot.config
    "memorysetup-bucket-allocator-granularity=16"
    "memorysetup-bucket-allocator-bucket-count=8"
    "memorysetup-bucket-allocator-block-size=33554432"
    "memorysetup-bucket-allocator-block-count=8"
    "memorysetup-main-allocator-block-size=16777216"
    "memorysetup-thread-allocator-block-size=16777216"
    "memorysetup-gfx-main-allocator-block-size=16777216"
    "memorysetup-gfx-thread-allocator-block-size=16777216"
    "memorysetup-cache-allocator-block-size=4194304"
    "memorysetup-typetree-allocator-block-size=2097152"
    "memorysetup-profiler-bucket-allocator-granularity=16"
    "memorysetup-profiler-bucket-allocator-bucket-count=8"
    "memorysetup-profiler-bucket-allocator-block-size=33554432"
    "memorysetup-profiler-bucket-allocator-block-count=8"
    "memorysetup-profiler-allocator-block-size=16777216"
    "memorysetup-profiler-editor-allocator-block-size=1048576"
    "memorysetup-temp-allocator-size-main=16777216"
    "memorysetup-job-temp-allocator-block-size=2097152"
    "memorysetup-job-temp-allocator-block-size-background=1048576"
    "memorysetup-job-temp-allocator-reduction-small-platforms=262144"
    "memorysetup-temp-allocator-size-background-worker=32768"
    "memorysetup-temp-allocator-size-job-worker=262144"
    "memorysetup-temp-allocator-size-preload-manager=33554432"
    "memorysetup-temp-allocator-size-nav-mesh-worker=65536"
    "memorysetup-temp-allocator-size-audio-worker=65536"
    "memorysetup-temp-allocator-size-cloud-worker=32768"
    "memorysetup-temp-allocator-size-gi-baking-worker=262144"
    "memorysetup-temp-allocator-size-gfx=262144"
Default GameObject BitMask: UI already registered
Refreshing native plugins compatible for Editor in 95.04 ms, found 4 plugins.
Preloading 0 native plugins for Editor in 0.00 ms.
Initialize engine version: 2021.3.8f1 (b30333d56e81)
[Subsystems] Discovering subsystems at path D:/2021.3.8f1/Editor/Data/Resources/UnitySubsystems
[Subsystems] Discovering subsystems at path D:/Unity/DOP2/DOP/Assets
GfxDevice: creating device client; threaded=0; jobified=0
Direct3D:
    Version:  Direct3D 11.0 [level 11.1]
    Renderer: NVIDIA GeForce GTX 1050 Ti (ID=0x1c8c)
    Vendor:   NVIDIA
    VRAM:     4018 MB
    Driver:   27.21.14.5749
Initialize mono
Mono path[0] = 'D:/2021.3.8f1/Editor/Data/Managed'
Mono path[1] = 'D:/2021.3.8f1/Editor/Data/MonoBleedingEdge/lib/mono/unityjit-win32'
Mono config path = 'D:/2021.3.8f1/Editor/Data/MonoBleedingEdge/etc'
Using monoOptions --debugger-agent=transport=dt_socket,embedding=1,server=y,suspend=n,address=127.0.0.1:56616
Begin MonoManager ReloadAssembly
Registering precompiled unity dll's ...
Register platform support module: D:/2021.3.8f1/Editor/Data/PlaybackEngines/AndroidPlayer/UnityEditor.Android.Extensions.dll
Register platform support module: D:/2021.3.8f1/Editor/Data/PlaybackEngines/WindowsStandaloneSupport/UnityEditor.WindowsStandalone.Extensions.dll
Registered in 0.001955 seconds.
Native extension for WindowsStandalone target not found
Native extension for Android target not found
Refreshing native plugins compatible for Editor in 106.29 ms, found 4 plugins.
Preloading 0 native plugins for Editor in 0.00 ms.
Mono: successfully reloaded assembly
- Completed reload, in  0.696 seconds
Domain Reload Profiling:
	ReloadAssembly (696ms)
		BeginReloadAssembly (69ms)
			ExecutionOrderSort (0ms)
			DisableScriptedObjects (0ms)
			BackupInstance (0ms)
			ReleaseScriptingObjects (0ms)
			CreateAndSetChildDomain (1ms)
		EndReloadAssembly (527ms)
			LoadAssemblies (68ms)
			RebuildTransferFunctionScriptingTraits (0ms)
			SetupTypeCache (114ms)
			ReleaseScriptCaches (0ms)
			RebuildScriptCaches (34ms)
			SetupLoadedEditorAssemblies (327ms)
				LogAssemblyErrors (0ms)
				InitializePlatformSupportModulesInManaged (57ms)
				SetLoadedEditorAssemblies (0ms)
				RefreshPlugins (106ms)
				BeforeProcessingInitializeOnLoad (2ms)
				ProcessInitializeOnLoadAttributes (111ms)
				ProcessInitializeOnLoadMethodAttributes (50ms)
				AfterProcessingInitializeOnLoad (0ms)
				EditorAssembliesLoaded (0ms)
			ExecutionOrderSort2 (0ms)
			AwakeInstancesAfterBackupRestoration (0ms)
Platform modules already initialized, skipping
Registering precompiled user dll's ...
Registered in 0.004094 seconds.
Begin MonoManager ReloadAssembly
Symbol file LoadedFromMemory doesn't match image D:\Unity\DOP2\DOP\Library\PackageCache\com.unity.visualscripting@1.7.8\Editor\VisualScripting.Core\Dependencies\YamlDotNet\Unity.VisualScripting.YamlDotNet.dll
Symbol file LoadedFromMemory doesn't match image D:\Unity\DOP2\DOP\Library\PackageCache\com.unity.visualscripting@1.7.8\Editor\VisualScripting.Core\Dependencies\DotNetZip\Unity.VisualScripting.IonicZip.dll
Native extension for WindowsStandalone target not found
Native extension for Android target not found
Refreshing native plugins compatible for Editor in 126.60 ms, found 4 plugins.
Preloading 0 native plugins for Editor in 0.00 ms.
Mono: successfully reloaded assembly
- Completed reload, in  1.452 seconds
Domain Reload Profiling:
	ReloadAssembly (1453ms)
		BeginReloadAssembly (246ms)
			ExecutionOrderSort (0ms)
			DisableScriptedObjects (7ms)
			BackupInstance (0ms)
			ReleaseScriptingObjects (1ms)
			CreateAndSetChildDomain (148ms)
		EndReloadAssembly (1078ms)
			LoadAssemblies (79ms)
			RebuildTransferFunctionScriptingTraits (0ms)
			SetupTypeCache (263ms)
			ReleaseScriptCaches (1ms)
			RebuildScriptCaches (68ms)
			SetupLoadedEditorAssemblies (612ms)
				LogAssemblyErrors (0ms)
				InitializePlatformSupportModulesInManaged (16ms)
				SetLoadedEditorAssemblies (0ms)
				RefreshPlugins (127ms)
				BeforeProcessingInitializeOnLoad (131ms)
				ProcessInitializeOnLoadAttributes (289ms)
				ProcessInitializeOnLoadMethodAttributes (46ms)
				AfterProcessingInitializeOnLoad (2ms)
				EditorAssembliesLoaded (0ms)
			ExecutionOrderSort2 (0ms)
			AwakeInstancesAfterBackupRestoration (6ms)
Platform modules already initialized, skipping
========================================================================
Worker process is ready to serve import requests
Default GameObject BitMask: UI already registered
Launched and connected shader compiler UnityShaderCompiler.exe after 0.03 seconds
Refreshing native plugins compatible for Editor in 0.75 ms, found 4 plugins.
Preloading 0 native plugins for Editor in 0.00 ms.
Unloading 4116 Unused Serialized files (Serialized files now loaded: 0)
Unloading 43 unused Assets / (197.9 KB). Loaded Objects now: 4572.
Memory consumption went from 155.4 MB to 155.2 MB.
Total: 4.065300 ms (FindLiveObjects: 0.307400 ms CreateObjectMapping: 0.245200 ms MarkObjects: 3.371200 ms  DeleteObjects: 0.140300 ms)

AssetImportParameters requested are different than current active one (requested -> active):
  custom:video-decoder-ogg-theora: a1e56fd34408186e4bbccfd4996cb3dc -> 
  custom:container-muxer-webm: aa71ff27fc2769a1b78a27578f13a17b -> 
  custom:container-demuxer-webm: 4f35f7cbe854078d1ac9338744f61a02 -> 
  custom:video-encoder-webm-vp8: eb34c28f22e8b96e1ab97ce403110664 -> 
  custom:audio-encoder-webm-vorbis: bf7c407c2cedff20999df2af8eb42d56 -> 
  custom:framework-win-MediaFoundation: 216162199b28c13a410421893ffa2e32 -> 
  custom:container-demuxer-ogg: 62fdf1f143b41e24485cea50d1cbac27 -> 
  custom:video-decoder-webm-vp8: 9c59270c3fd7afecdb556c50c9e8de78 -> 
  custom:audio-decoder-ogg-vorbis: bf7c407c2cedff20999df2af8eb42d56 -> 
========================================================================
Received Import Request.
  Time since last request: 29069.160662 seconds.
  path: Assets/Resources/3.prefab
  artifactKey: Guid(53cd42865a7cdf84d9d152b299818671) Importer(815301076,1909f56bfc062723c751e8b465ee728b)
Start importing Assets/Resources/3.prefab using Guid(53cd42865a7cdf84d9d152b299818671) Importer(815301076,1909f56bfc062723c751e8b465ee728b)  -> (artifact id: 'd0471d316801ffc36289a460613fc88d') in 0.119862 seconds 
========================================================================
Received Import Request.
  Time since last request: 0.000021 seconds.
  path: Assets/Resources/2.prefab
  artifactKey: Guid(987516683faa4bd4e8506fa7290fa247) Importer(815301076,1909f56bfc062723c751e8b465ee728b)
Start importing Assets/Resources/2.prefab using Guid(987516683faa4bd4e8506fa7290fa247) Importer(815301076,1909f56bfc062723c751e8b465ee728b)  -> (artifact id: 'f1e2a2481f0bf28b0034c6a9561610f5') in 0.022096 seconds 
========================================================================
Received Prepare
Default GameObject BitMask: UI already registered
Registering precompiled user dll's ...
Registered in 0.003545 seconds.
Begin MonoManager ReloadAssembly
Symbol file LoadedFromMemory doesn't match image D:\Unity\DOP2\DOP\Library\PackageCache\com.unity.visualscripting@1.7.8\Editor\VisualScripting.Core\Dependencies\YamlDotNet\Unity.VisualScripting.YamlDotNet.dll
Symbol file LoadedFromMemory doesn't match image D:\Unity\DOP2\DOP\Library\PackageCache\com.unity.visualscripting@1.7.8\Editor\VisualScripting.Core\Dependencies\DotNetZip\Unity.VisualScripting.IonicZip.dll
Native extension for WindowsStandalone target not found
Native extension for Android target not found
Refreshing native plugins compatible for Editor in 1.92 ms, found 4 plugins.
Preloading 0 native plugins for Editor in 0.00 ms.
Mono: successfully reloaded assembly
- Completed reload, in  1.229 seconds
Domain Reload Profiling:
	ReloadAssembly (1230ms)
		BeginReloadAssembly (135ms)
			ExecutionOrderSort (0ms)
			DisableScriptedObjects (7ms)
			BackupInstance (0ms)
			ReleaseScriptingObjects (0ms)
			CreateAndSetChildDomain (38ms)
		EndReloadAssembly (988ms)
			LoadAssemblies (89ms)
			RebuildTransferFunctionScriptingTraits (0ms)
			SetupTypeCache (270ms)
			ReleaseScriptCaches (1ms)
			RebuildScriptCaches (52ms)
			SetupLoadedEditorAssemblies (493ms)
				LogAssemblyErrors (0ms)
				InitializePlatformSupportModulesInManaged (32ms)
				SetLoadedEditorAssemblies (1ms)
				RefreshPlugins (2ms)
				BeforeProcessingInitializeOnLoad (108ms)
				ProcessInitializeOnLoadAttributes (294ms)
				ProcessInitializeOnLoadMethodAttributes (53ms)
				AfterProcessingInitializeOnLoad (3ms)
				EditorAssembliesLoaded (0ms)
			ExecutionOrderSort2 (0ms)
			AwakeInstancesAfterBackupRestoration (11ms)
Platform modules already initialized, skipping
Refreshing native plugins compatible for Editor in 2.50 ms, found 4 plugins.
Preloading 0 native plugins for Editor in 0.00 ms.
Unloading 4096 Unused Serialized files (Serialized files now loaded: 0)
Unloading 32 unused Assets / (191.0 KB). Loaded Objects now: 4582.
Memory consumption went from 158.3 MB to 158.1 MB.
Total: 3.908400 ms (FindLiveObjects: 0.377900 ms CreateObjectMapping: 0.246800 ms MarkObjects: 3.110200 ms  DeleteObjects: 0.172000 ms)

AssetImportParameters requested are different than current active one (requested -> active):
  custom:video-decoder-ogg-theora: a1e56fd34408186e4bbccfd4996cb3dc -> 
  custom:container-muxer-webm: aa71ff27fc2769a1b78a27578f13a17b -> 
  custom:container-demuxer-webm: 4f35f7cbe854078d1ac9338744f61a02 -> 
  custom:video-encoder-webm-vp8: eb34c28f22e8b96e1ab97ce403110664 -> 
  custom:audio-encoder-webm-vorbis: bf7c407c2cedff20999df2af8eb42d56 -> 
  custom:framework-win-MediaFoundation: 216162199b28c13a410421893ffa2e32 -> 
  custom:container-demuxer-ogg: 62fdf1f143b41e24485cea50d1cbac27 -> 
  custom:video-decoder-webm-vp8: 9c59270c3fd7afecdb556c50c9e8de78 -> 
  custom:audio-decoder-ogg-vorbis: bf7c407c2cedff20999df2af8eb42d56 -> 
========================================================================
Received Prepare
Default GameObject BitMask: UI already registered
Refreshing native plugins compatible for Editor in 3.64 ms, found 4 plugins.
Preloading 0 native plugins for Editor in 0.00 ms.
Unloading 31 Unused Serialized files (Serialized files now loaded: 0)
Unloading 31 unused Assets / (187.7 KB). Loaded Objects now: 4582.
Memory consumption went from 77.0 MB to 76.8 MB.
Total: 3.170500 ms (FindLiveObjects: 0.315500 ms CreateObjectMapping: 0.252500 ms MarkObjects: 2.461800 ms  DeleteObjects: 0.140000 ms)

AssetImportParameters requested are different than current active one (requested -> active):
  custom:video-decoder-ogg-theora: a1e56fd34408186e4bbccfd4996cb3dc -> 
  custom:container-muxer-webm: aa71ff27fc2769a1b78a27578f13a17b -> 
  custom:container-demuxer-webm: 4f35f7cbe854078d1ac9338744f61a02 -> 
  custom:video-encoder-webm-vp8: eb34c28f22e8b96e1ab97ce403110664 -> 
  custom:audio-encoder-webm-vorbis: bf7c407c2cedff20999df2af8eb42d56 -> 
  custom:framework-win-MediaFoundation: 216162199b28c13a410421893ffa2e32 -> 
  custom:container-demuxer-ogg: 62fdf1f143b41e24485cea50d1cbac27 -> 
  custom:video-decoder-webm-vp8: 9c59270c3fd7afecdb556c50c9e8de78 -> 
  custom:audio-decoder-ogg-vorbis: bf7c407c2cedff20999df2af8eb42d56 -> 
========================================================================
Received Import Request.
  Time since last request: 185.884597 seconds.
  path: Assets/Resources/1.prefab
  artifactKey: Guid(18a9754b0dcd8c84dba83b978dd90b2a) Importer(815301076,1909f56bfc062723c751e8b465ee728b)
Start importing Assets/Resources/1.prefab using Guid(18a9754b0dcd8c84dba83b978dd90b2a) Importer(815301076,1909f56bfc062723c751e8b465ee728b)  -> (artifact id: 'a83c14e67c7a7c50de52ea7dacaef9e3') in 0.057417 seconds 
========================================================================
Received Import Request.
  Time since last request: 11.840580 seconds.
  path: Assets/Resources/1.prefab
  artifactKey: Guid(18a9754b0dcd8c84dba83b978dd90b2a) Importer(815301076,1909f56bfc062723c751e8b465ee728b)
Start importing Assets/Resources/1.prefab using Guid(18a9754b0dcd8c84dba83b978dd90b2a) Importer(815301076,1909f56bfc062723c751e8b465ee728b)  -> (artifact id: '4c22f0379259f019e1e7432ca018532e') in 0.011304 seconds 
========================================================================
Received Import Request.
  Time since last request: 0.785311 seconds.
  path: Assets/Resources/1.prefab
  artifactKey: Guid(18a9754b0dcd8c84dba83b978dd90b2a) Importer(815301076,1909f56bfc062723c751e8b465ee728b)
Start importing Assets/Resources/1.prefab using Guid(18a9754b0dcd8c84dba83b978dd90b2a) Importer(815301076,1909f56bfc062723c751e8b465ee728b)  -> (artifact id: 'a225df927f030b3a174abecb510f2420') in 0.013487 seconds 
========================================================================
Received Import Request.
  Time since last request: 10.480970 seconds.
  path: Assets/Resources/1.prefab
  artifactKey: Guid(18a9754b0dcd8c84dba83b978dd90b2a) Importer(815301076,1909f56bfc062723c751e8b465ee728b)
Start importing Assets/Resources/1.prefab using Guid(18a9754b0dcd8c84dba83b978dd90b2a) Importer(815301076,1909f56bfc062723c751e8b465ee728b)  -> (artifact id: '7fbb554c92a214c518fbc1281f742f6f') in 0.009369 seconds 
========================================================================
Received Import Request.
  Time since last request: 8.716800 seconds.
  path: Assets/Resources/1.prefab
  artifactKey: Guid(18a9754b0dcd8c84dba83b978dd90b2a) Importer(815301076,1909f56bfc062723c751e8b465ee728b)
Start importing Assets/Resources/1.prefab using Guid(18a9754b0dcd8c84dba83b978dd90b2a) Importer(815301076,1909f56bfc062723c751e8b465ee728b)  -> (artifact id: 'b3756d8b29343dd98520f5d455beb0ac') in 0.009541 seconds 
========================================================================
Received Import Request.
  Time since last request: 9.479051 seconds.
  path: Assets/Resources/1.prefab
  artifactKey: Guid(18a9754b0dcd8c84dba83b978dd90b2a) Importer(815301076,1909f56bfc062723c751e8b465ee728b)
Start importing Assets/Resources/1.prefab using Guid(18a9754b0dcd8c84dba83b978dd90b2a) Importer(815301076,1909f56bfc062723c751e8b465ee728b)  -> (artifact id: '5cbb032bab403390de3d4b6439879731') in 0.009512 seconds 
========================================================================
Received Import Request.
  Time since last request: 4.467039 seconds.
  path: Assets/Resources/1.prefab
  artifactKey: Guid(18a9754b0dcd8c84dba83b978dd90b2a) Importer(815301076,1909f56bfc062723c751e8b465ee728b)
Start importing Assets/Resources/1.prefab using Guid(18a9754b0dcd8c84dba83b978dd90b2a) Importer(815301076,1909f56bfc062723c751e8b465ee728b)  -> (artifact id: '680715525ba5ef02217ddc3629a8c3ee') in 0.009698 seconds 
========================================================================
Received Import Request.
  Time since last request: 17.559111 seconds.
  path: Assets/Resources/1.prefab
  artifactKey: Guid(18a9754b0dcd8c84dba83b978dd90b2a) Importer(815301076,1909f56bfc062723c751e8b465ee728b)
Start importing Assets/Resources/1.prefab using Guid(18a9754b0dcd8c84dba83b978dd90b2a) Importer(815301076,1909f56bfc062723c751e8b465ee728b)  -> (artifact id: 'eb8eb92275d63f451db4ab6e195b36d2') in 0.008775 seconds 
========================================================================
Received Import Request.
  Time since last request: 8.088463 seconds.
  path: Assets/Resources/1.prefab
  artifactKey: Guid(18a9754b0dcd8c84dba83b978dd90b2a) Importer(815301076,1909f56bfc062723c751e8b465ee728b)
Start importing Assets/Resources/1.prefab using Guid(18a9754b0dcd8c84dba83b978dd90b2a) Importer(815301076,1909f56bfc062723c751e8b465ee728b)  -> (artifact id: '527a0bfec6a1903574a625e63f59d2fe') in 0.008622 seconds 
========================================================================
Received Import Request.
  Time since last request: 7.286721 seconds.
  path: Assets/Resources/1.prefab
  artifactKey: Guid(18a9754b0dcd8c84dba83b978dd90b2a) Importer(815301076,1909f56bfc062723c751e8b465ee728b)
Start importing Assets/Resources/1.prefab using Guid(18a9754b0dcd8c84dba83b978dd90b2a) Importer(815301076,1909f56bfc062723c751e8b465ee728b)  -> (artifact id: 'dffd1118768474a18e178440a57b061a') in 0.009893 seconds 
========================================================================
Received Import Request.
  Time since last request: 6.088609 seconds.
  path: Assets/Resources/1.prefab
  artifactKey: Guid(18a9754b0dcd8c84dba83b978dd90b2a) Importer(815301076,1909f56bfc062723c751e8b465ee728b)
Start importing Assets/Resources/1.prefab using Guid(18a9754b0dcd8c84dba83b978dd90b2a) Importer(815301076,1909f56bfc062723c751e8b465ee728b)  -> (artifact id: '6b5293a5dfd6759cf603cbd147958c39') in 0.015142 seconds 
========================================================================
Received Import Request.
  Time since last request: 4.297471 seconds.
  path: Assets/Resources/1.prefab
  artifactKey: Guid(18a9754b0dcd8c84dba83b978dd90b2a) Importer(815301076,1909f56bfc062723c751e8b465ee728b)
Start importing Assets/Resources/1.prefab using Guid(18a9754b0dcd8c84dba83b978dd90b2a) Importer(815301076,1909f56bfc062723c751e8b465ee728b)  -> (artifact id: 'f56ee0938a191db8344e2f76193f2cf0') in 0.010840 seconds 
========================================================================
Received Prepare
Default GameObject BitMask: UI already registered
Registering precompiled user dll's ...
Registered in 0.003304 seconds.
Begin MonoManager ReloadAssembly
Symbol file LoadedFromMemory doesn't match image D:\Unity\DOP2\DOP\Library\PackageCache\com.unity.visualscripting@1.7.8\Editor\VisualScripting.Core\Dependencies\YamlDotNet\Unity.VisualScripting.YamlDotNet.dll
Symbol file LoadedFromMemory doesn't match image D:\Unity\DOP2\DOP\Library\PackageCache\com.unity.visualscripting@1.7.8\Editor\VisualScripting.Core\Dependencies\DotNetZip\Unity.VisualScripting.IonicZip.dll
Native extension for WindowsStandalone target not found
Native extension for Android target not found
Refreshing native plugins compatible for Editor in 0.79 ms, found 4 plugins.
Preloading 0 native plugins for Editor in 0.00 ms.
Mono: successfully reloaded assembly
- Completed reload, in  1.154 seconds
Domain Reload Profiling:
	ReloadAssembly (1154ms)
		BeginReloadAssembly (131ms)
			ExecutionOrderSort (0ms)
			DisableScriptedObjects (7ms)
			BackupInstance (0ms)
			ReleaseScriptingObjects (0ms)
			CreateAndSetChildDomain (39ms)
		EndReloadAssembly (927ms)
			LoadAssemblies (83ms)
			RebuildTransferFunctionScriptingTraits (0ms)
			SetupTypeCache (265ms)
			ReleaseScriptCaches (1ms)
			RebuildScriptCaches (51ms)
			SetupLoadedEditorAssemblies (470ms)
				LogAssemblyErrors (0ms)
				InitializePlatformSupportModulesInManaged (21ms)
				SetLoadedEditorAssemblies (1ms)
				RefreshPlugins (1ms)
				BeforeProcessingInitializeOnLoad (104ms)
				ProcessInitializeOnLoadAttributes (290ms)
				ProcessInitializeOnLoadMethodAttributes (50ms)
				AfterProcessingInitializeOnLoad (3ms)
				EditorAssembliesLoaded (0ms)
			ExecutionOrderSort2 (0ms)
			AwakeInstancesAfterBackupRestoration (9ms)
Platform modules already initialized, skipping
Refreshing native plugins compatible for Editor in 2.07 ms, found 4 plugins.
Preloading 0 native plugins for Editor in 0.00 ms.
Unloading 4096 Unused Serialized files (Serialized files now loaded: 0)
Unloading 31 unused Assets / (190.1 KB). Loaded Objects now: 4585.
Memory consumption went from 158.3 MB to 158.2 MB.
Total: 4.372200 ms (FindLiveObjects: 0.335400 ms CreateObjectMapping: 0.336500 ms MarkObjects: 3.493900 ms  DeleteObjects: 0.205100 ms)

AssetImportParameters requested are different than current active one (requested -> active):
  custom:video-decoder-ogg-theora: a1e56fd34408186e4bbccfd4996cb3dc -> 
  custom:container-muxer-webm: aa71ff27fc2769a1b78a27578f13a17b -> 
  custom:container-demuxer-webm: 4f35f7cbe854078d1ac9338744f61a02 -> 
  custom:video-encoder-webm-vp8: eb34c28f22e8b96e1ab97ce403110664 -> 
  custom:audio-encoder-webm-vorbis: bf7c407c2cedff20999df2af8eb42d56 -> 
  custom:framework-win-MediaFoundation: 216162199b28c13a410421893ffa2e32 -> 
  custom:container-demuxer-ogg: 62fdf1f143b41e24485cea50d1cbac27 -> 
  custom:video-decoder-webm-vp8: 9c59270c3fd7afecdb556c50c9e8de78 -> 
  custom:audio-decoder-ogg-vorbis: bf7c407c2cedff20999df2af8eb42d56 -> 
========================================================================
Received Import Request.
  Time since last request: 34.592245 seconds.
  path: Assets/Resources/2.prefab
  artifactKey: Guid(987516683faa4bd4e8506fa7290fa247) Importer(815301076,1909f56bfc062723c751e8b465ee728b)
Start importing Assets/Resources/2.prefab using Guid(987516683faa4bd4e8506fa7290fa247) Importer(815301076,1909f56bfc062723c751e8b465ee728b)  -> (artifact id: '3e2683f6e84aa2ea48b8ae189e7c8f79') in 0.060393 seconds 
========================================================================
Received Import Request.
  Time since last request: 4.112041 seconds.
  path: Assets/Resources/2.prefab
  artifactKey: Guid(987516683faa4bd4e8506fa7290fa247) Importer(815301076,1909f56bfc062723c751e8b465ee728b)
Start importing Assets/Resources/2.prefab using Guid(987516683faa4bd4e8506fa7290fa247) Importer(815301076,1909f56bfc062723c751e8b465ee728b)  -> (artifact id: 'b7ab68fb20821e02d9d9c39b46be8a91') in 0.010486 seconds 
========================================================================
Received Import Request.
  Time since last request: 2.844838 seconds.
  path: Assets/Resources/2.prefab
  artifactKey: Guid(987516683faa4bd4e8506fa7290fa247) Importer(815301076,1909f56bfc062723c751e8b465ee728b)
Start importing Assets/Resources/2.prefab using Guid(987516683faa4bd4e8506fa7290fa247) Importer(815301076,1909f56bfc062723c751e8b465ee728b)  -> (artifact id: 'c0104ac4f822194f05a9b74e7ed4631c') in 0.009072 seconds 
========================================================================
Received Import Request.
  Time since last request: 16.979701 seconds.
  path: Assets/Resources/3.prefab
  artifactKey: Guid(53cd42865a7cdf84d9d152b299818671) Importer(815301076,1909f56bfc062723c751e8b465ee728b)
Start importing Assets/Resources/3.prefab using Guid(53cd42865a7cdf84d9d152b299818671) Importer(815301076,1909f56bfc062723c751e8b465ee728b)  -> (artifact id: 'a5b20ae44145f743af09adba7bf0a18b') in 0.009839 seconds 
========================================================================
Received Import Request.
  Time since last request: 2.798100 seconds.
  path: Assets/Resources/3.prefab
  artifactKey: Guid(53cd42865a7cdf84d9d152b299818671) Importer(815301076,1909f56bfc062723c751e8b465ee728b)
Start importing Assets/Resources/3.prefab using Guid(53cd42865a7cdf84d9d152b299818671) Importer(815301076,1909f56bfc062723c751e8b465ee728b)  -> (artifact id: '22352d3ba583339f7aee866f163a64c1') in 0.010064 seconds 
========================================================================
Received Import Request.
  Time since last request: 6.033667 seconds.
  path: Assets/Resources/3.prefab
  artifactKey: Guid(53cd42865a7cdf84d9d152b299818671) Importer(815301076,1909f56bfc062723c751e8b465ee728b)
Start importing Assets/Resources/3.prefab using Guid(53cd42865a7cdf84d9d152b299818671) Importer(815301076,1909f56bfc062723c751e8b465ee728b)  -> (artifact id: 'b6b71ba9676028b7169e554aea0e111e') in 0.008828 seconds 
========================================================================
Received Prepare
Default GameObject BitMask: UI already registered
Registering precompiled user dll's ...
Registered in 0.003520 seconds.
Begin MonoManager ReloadAssembly
Symbol file LoadedFromMemory doesn't match image D:\Unity\DOP2\DOP\Library\PackageCache\com.unity.visualscripting@1.7.8\Editor\VisualScripting.Core\Dependencies\YamlDotNet\Unity.VisualScripting.YamlDotNet.dll
Symbol file LoadedFromMemory doesn't match image D:\Unity\DOP2\DOP\Library\PackageCache\com.unity.visualscripting@1.7.8\Editor\VisualScripting.Core\Dependencies\DotNetZip\Unity.VisualScripting.IonicZip.dll
Native extension for WindowsStandalone target not found
Native extension for Android target not found
Refreshing native plugins compatible for Editor in 1.41 ms, found 4 plugins.
Preloading 0 native plugins for Editor in 0.00 ms.
Mono: successfully reloaded assembly
- Completed reload, in  1.175 seconds
Domain Reload Profiling:
	ReloadAssembly (1176ms)
		BeginReloadAssembly (148ms)
			ExecutionOrderSort (0ms)
			DisableScriptedObjects (7ms)
			BackupInstance (0ms)
			ReleaseScriptingObjects (0ms)
			CreateAndSetChildDomain (42ms)
		EndReloadAssembly (925ms)
			LoadAssemblies (96ms)
			RebuildTransferFunctionScriptingTraits (0ms)
			SetupTypeCache (268ms)
			ReleaseScriptCaches (1ms)
			RebuildScriptCaches (56ms)
			SetupLoadedEditorAssemblies (463ms)
				LogAssemblyErrors (0ms)
				InitializePlatformSupportModulesInManaged (25ms)
				SetLoadedEditorAssemblies (1ms)
				RefreshPlugins (1ms)
				BeforeProcessingInitializeOnLoad (103ms)
				ProcessInitializeOnLoadAttributes (272ms)
				ProcessInitializeOnLoadMethodAttributes (57ms)
				AfterProcessingInitializeOnLoad (3ms)
				EditorAssembliesLoaded (0ms)
			ExecutionOrderSort2 (0ms)
			AwakeInstancesAfterBackupRestoration (10ms)
Platform modules already initialized, skipping
Refreshing native plugins compatible for Editor in 2.08 ms, found 4 plugins.
Preloading 0 native plugins for Editor in 0.00 ms.
Unloading 4096 Unused Serialized files (Serialized files now loaded: 0)
Unloading 32 unused Assets / (191.2 KB). Loaded Objects now: 4588.
Memory consumption went from 158.3 MB to 158.2 MB.
Total: 3.857700 ms (FindLiveObjects: 0.351100 ms CreateObjectMapping: 0.238900 ms MarkObjects: 3.107200 ms  DeleteObjects: 0.159100 ms)

AssetImportParameters requested are different than current active one (requested -> active):
  custom:video-decoder-ogg-theora: a1e56fd34408186e4bbccfd4996cb3dc -> 
  custom:container-muxer-webm: aa71ff27fc2769a1b78a27578f13a17b -> 
  custom:container-demuxer-webm: 4f35f7cbe854078d1ac9338744f61a02 -> 
  custom:video-encoder-webm-vp8: eb34c28f22e8b96e1ab97ce403110664 -> 
  custom:audio-encoder-webm-vorbis: bf7c407c2cedff20999df2af8eb42d56 -> 
  custom:framework-win-MediaFoundation: 216162199b28c13a410421893ffa2e32 -> 
  custom:container-demuxer-ogg: 62fdf1f143b41e24485cea50d1cbac27 -> 
  custom:video-decoder-webm-vp8: 9c59270c3fd7afecdb556c50c9e8de78 -> 
  custom:audio-decoder-ogg-vorbis: bf7c407c2cedff20999df2af8eb42d56 -> 
========================================================================
Received Import Request.
  Time since last request: 38.374765 seconds.
  path: Assets/Prefabs/Earse.prefab
  artifactKey: Guid(ce02586f2a0195d49a9b275b5ffbc4b2) Importer(815301076,1909f56bfc062723c751e8b465ee728b)
Start importing Assets/Prefabs/Earse.prefab using Guid(ce02586f2a0195d49a9b275b5ffbc4b2) Importer(815301076,1909f56bfc062723c751e8b465ee728b)  -> (artifact id: 'a9209ebc60b9b882b19ebc8da31a724a') in 0.060755 seconds 
========================================================================
Received Import Request.
  Time since last request: 7.770119 seconds.
  path: Assets/Prefabs/Earse.prefab
  artifactKey: Guid(ce02586f2a0195d49a9b275b5ffbc4b2) Importer(815301076,1909f56bfc062723c751e8b465ee728b)
Start importing Assets/Prefabs/Earse.prefab using Guid(ce02586f2a0195d49a9b275b5ffbc4b2) Importer(815301076,1909f56bfc062723c751e8b465ee728b)  -> (artifact id: '9481fdbdbf409145b5000e1453bf9584') in 0.005903 seconds 
========================================================================
Received Prepare
Default GameObject BitMask: UI already registered
Refreshing native plugins compatible for Editor in 5.09 ms, found 4 plugins.
Preloading 0 native plugins for Editor in 0.00 ms.
Unloading 31 Unused Serialized files (Serialized files now loaded: 0)
Unloading 34 unused Assets / (191.3 KB). Loaded Objects now: 4589.
Memory consumption went from 77.2 MB to 77.0 MB.
Total: 4.017100 ms (FindLiveObjects: 0.267500 ms CreateObjectMapping: 0.180200 ms MarkObjects: 3.413200 ms  DeleteObjects: 0.155300 ms)

AssetImportParameters requested are different than current active one (requested -> active):
  custom:video-decoder-ogg-theora: a1e56fd34408186e4bbccfd4996cb3dc -> 
  custom:container-muxer-webm: aa71ff27fc2769a1b78a27578f13a17b -> 
  custom:container-demuxer-webm: 4f35f7cbe854078d1ac9338744f61a02 -> 
  custom:video-encoder-webm-vp8: eb34c28f22e8b96e1ab97ce403110664 -> 
  custom:audio-encoder-webm-vorbis: bf7c407c2cedff20999df2af8eb42d56 -> 
  custom:framework-win-MediaFoundation: 216162199b28c13a410421893ffa2e32 -> 
  custom:container-demuxer-ogg: 62fdf1f143b41e24485cea50d1cbac27 -> 
  custom:video-decoder-webm-vp8: 9c59270c3fd7afecdb556c50c9e8de78 -> 
  custom:audio-decoder-ogg-vorbis: bf7c407c2cedff20999df2af8eb42d56 -> 
